{"/home/student/Desktop/HW/Projekt/app/kamienpapiernozyce.js":{"path":"/home/student/Desktop/HW/Projekt/app/kamienpapiernozyce.js","s":{"1":1,"2":1,"3":15,"4":2,"5":13,"6":1,"7":12,"8":2,"9":10,"10":1,"11":9,"12":3,"13":1,"14":1,"15":1,"16":3,"17":1,"18":1,"19":1,"20":3,"21":1,"22":1,"23":1,"24":1},"b":{"1":[2,13],"2":[1,12],"3":[2,10],"4":[1,9],"5":[3,3,3],"6":[1,1,1],"7":[1,1,1],"8":[1,1,1]},"f":{"1":15},"fnMap":{"1":{"name":"kamienPapierNozyce","line":7,"loc":{"start":{"line":7,"column":0},"end":{"line":7,"column":56}}}},"statementMap":{"1":{"start":{"line":5,"column":0},"end":{"line":5,"column":48}},"2":{"start":{"line":7,"column":0},"end":{"line":64,"column":1}},"3":{"start":{"line":9,"column":4},"end":{"line":11,"column":5}},"4":{"start":{"line":10,"column":6},"end":{"line":10,"column":19}},"5":{"start":{"line":13,"column":4},"end":{"line":15,"column":5}},"6":{"start":{"line":14,"column":6},"end":{"line":14,"column":19}},"7":{"start":{"line":17,"column":4},"end":{"line":19,"column":5}},"8":{"start":{"line":18,"column":8},"end":{"line":18,"column":21}},"9":{"start":{"line":21,"column":4},"end":{"line":23,"column":5}},"10":{"start":{"line":22,"column":8},"end":{"line":22,"column":21}},"11":{"start":{"line":25,"column":4},"end":{"line":62,"column":5}},"12":{"start":{"line":27,"column":12},"end":{"line":34,"column":13}},"13":{"start":{"line":29,"column":20},"end":{"line":29,"column":35}},"14":{"start":{"line":31,"column":20},"end":{"line":31,"column":36}},"15":{"start":{"line":33,"column":20},"end":{"line":33,"column":36}},"16":{"start":{"line":37,"column":12},"end":{"line":47,"column":13}},"17":{"start":{"line":39,"column":20},"end":{"line":39,"column":36}},"18":{"start":{"line":42,"column":20},"end":{"line":42,"column":35}},"19":{"start":{"line":45,"column":20},"end":{"line":45,"column":36}},"20":{"start":{"line":50,"column":12},"end":{"line":60,"column":13}},"21":{"start":{"line":52,"column":20},"end":{"line":52,"column":36}},"22":{"start":{"line":55,"column":20},"end":{"line":55,"column":36}},"23":{"start":{"line":58,"column":20},"end":{"line":58,"column":35}},"24":{"start":{"line":66,"column":0},"end":{"line":68,"column":2}}},"branchMap":{"1":{"line":9,"type":"if","locations":[{"start":{"line":9,"column":4},"end":{"line":9,"column":4}},{"start":{"line":9,"column":4},"end":{"line":9,"column":4}}]},"2":{"line":13,"type":"if","locations":[{"start":{"line":13,"column":4},"end":{"line":13,"column":4}},{"start":{"line":13,"column":4},"end":{"line":13,"column":4}}]},"3":{"line":17,"type":"if","locations":[{"start":{"line":17,"column":4},"end":{"line":17,"column":4}},{"start":{"line":17,"column":4},"end":{"line":17,"column":4}}]},"4":{"line":21,"type":"if","locations":[{"start":{"line":21,"column":4},"end":{"line":21,"column":4}},{"start":{"line":21,"column":4},"end":{"line":21,"column":4}}]},"5":{"line":25,"type":"switch","locations":[{"start":{"line":26,"column":8},"end":{"line":34,"column":13}},{"start":{"line":36,"column":8},"end":{"line":47,"column":13}},{"start":{"line":49,"column":8},"end":{"line":60,"column":13}}]},"6":{"line":27,"type":"switch","locations":[{"start":{"line":28,"column":16},"end":{"line":29,"column":35}},{"start":{"line":30,"column":16},"end":{"line":31,"column":36}},{"start":{"line":32,"column":16},"end":{"line":33,"column":36}}]},"7":{"line":37,"type":"switch","locations":[{"start":{"line":38,"column":16},"end":{"line":39,"column":36}},{"start":{"line":41,"column":16},"end":{"line":42,"column":35}},{"start":{"line":44,"column":16},"end":{"line":45,"column":36}}]},"8":{"line":50,"type":"switch","locations":[{"start":{"line":51,"column":16},"end":{"line":52,"column":36}},{"start":{"line":54,"column":16},"end":{"line":55,"column":36}},{"start":{"line":57,"column":16},"end":{"line":58,"column":35}}]}}}}