TN:
SF:/home/student/Desktop/HW/Projekt/app/kamienpapiernozyce.js
FN:7,kamienPapierNozyce
FNF:1
FNH:1
FNDA:15,kamienPapierNozyce
DA:5,1
DA:7,1
DA:9,15
DA:10,2
DA:13,13
DA:14,1
DA:17,12
DA:18,2
DA:21,10
DA:22,1
DA:25,9
DA:27,3
DA:29,1
DA:31,1
DA:33,1
DA:37,3
DA:39,1
DA:42,1
DA:45,1
DA:50,3
DA:52,1
DA:55,1
DA:58,1
DA:66,1
LF:24
LH:24
BRDA:9,1,0,2
BRDA:9,1,1,13
BRDA:13,2,0,1
BRDA:13,2,1,12
BRDA:17,3,0,2
BRDA:17,3,1,10
BRDA:21,4,0,1
BRDA:21,4,1,9
BRDA:25,5,0,3
BRDA:25,5,1,3
BRDA:25,5,2,3
BRDA:27,6,0,1
BRDA:27,6,1,1
BRDA:27,6,2,1
BRDA:37,7,0,1
BRDA:37,7,1,1
BRDA:37,7,2,1
BRDA:50,8,0,1
BRDA:50,8,1,1
BRDA:50,8,2,1
BRF:20
BRH:20
end_of_record
